<?xml version="1.0" encoding="UTF-8"?>
<!-- Generated by org.testng.reporters.JUnitReportReporter -->
<testsuite skipped="0" hostname="Dell-PC" name="TestCasesPackage.TestCases" tests="6" failures="0" timestamp="10 Dec 2018 14:11:11 GMT" time="61.875" errors="0">
  <testcase name="CreateComputer" time="8.927" classname="TestCasesPackage.TestCases"/>
  <testcase name="CreateComputer" time="14.664" classname="TestCasesPackage.TestCases"/>
  <testcase name="UpdateComputer" time="10.725" classname="TestCasesPackage.TestCases"/>
  <testcase name="UpdateComputer" time="9.995" classname="TestCasesPackage.TestCases"/>
  <testcase name="DeleteComputer" time="8.693" classname="TestCasesPackage.TestCases"/>
  <testcase name="DeleteComputer" time="8.871" classname="TestCasesPackage.TestCases"/>
</testsuite> <!-- TestCasesPackage.TestCases -->
