<?xml version="1.0" encoding="UTF-8"?>
<!-- Generated by org.testng.reporters.JUnitReportReporter -->
<testsuite skipped="0" hostname="Dell-PC" name="TestCasesPackage.TestCasesClass" tests="3" failures="0" timestamp="10 Dec 2018 12:22:57 GMT" time="56.437" errors="0">
  <testcase name="CreateComputer" time="36.672" classname="TestCasesPackage.TestCasesClass"/>
  <testcase name="UpdateComputer" time="10.508" classname="TestCasesPackage.TestCasesClass"/>
  <testcase name="DeleteComputer" time="9.257" classname="TestCasesPackage.TestCasesClass"/>
</testsuite> <!-- TestCasesPackage.TestCasesClass -->
